        -:    0:Source:errors.c
        -:    0:Graph:test.gcno
        -:    0:Data:test.gcda
        -:    0:Runs:1
        -:    1:#include "errors.h"
        -:    2:
        -:    3:
        -:    4:
       39:    5:int error_catcher(error_t err) {
       39:    6:    if (NoErrors == err) {
       35:    7:        return 0;
        -:    8:    }
        -:    9:    else {
        4:   10:        switch(err) {
    #####:   11:            case MemoryError:
    #####:   12:            perror("Memory allocation error");
    #####:   13:            break;
        1:   14:            case LoopError:
        1:   15:            perror("Loop has been created");
        1:   16:            break;
        1:   17:            case WeightOutOfRangeError:
        1:   18:            perror("Weight out range");
        1:   19:            break;
        2:   20:            case VertexNotExistsError:
        2:   21:            perror("Vertex accessing to does not exists");
        2:   22:            break;
    #####:   23:            case UnknownError:
    #####:   24:            perror("Unknown error");
    #####:   25:            break;
    #####:   26:            case InvalidArg:
    #####:   27:            perror("Invalid argument");
    #####:   28:            break;
        4:   29:            default:
        -:   30:            ;
        -:   31:        }
        4:   32:        fprintf(stderr, "\n");
        4:   33:        return -1;
        -:   34:    }
        -:   35:}
